Log file open, 09/14/20 14:38:21
LogWindows: Failed to load 'aqProf.dll' (GetLastError=126)
LogWindows: File 'aqProf.dll' does not exist
LogWindows: Failed to load 'VtuneApi.dll' (GetLastError=126)
LogWindows: File 'VtuneApi.dll' does not exist
LogWindows: Failed to load 'VtuneApi32e.dll' (GetLastError=126)
LogWindows: File 'VtuneApi32e.dll' does not exist
LogConsoleResponse: Display: Failed to find resolution value strings in scalability ini. Falling back to default.
LogInit: Display: Running engine for game: EL_Task
LogPlatformFile: Not using cached read wrapper
LogTaskGraph: Started task graph with 5 named threads and 20 total threads with 3 sets of task threads.
LogStats: Stats thread started at 0.097075
LogD3D11RHI: Loaded GFSDK_Aftermath_Lib.x64.dll
LogICUInternationalization: ICU TimeZone Detection - Raw Offset: +4:00, Platform Override: ''
LogPluginManager: Mounting plugin Paper2D
LogPluginManager: Mounting plugin AISupport
LogPluginManager: Mounting plugin LightPropagationVolume
LogPluginManager: Mounting plugin ActorLayerUtilities
LogPluginManager: Mounting plugin AnimationSharing
LogPluginManager: Mounting plugin CLionSourceCodeAccess
LogPluginManager: Mounting plugin CodeLiteSourceCodeAccess
LogPluginManager: Mounting plugin GitSourceControl
LogPluginManager: Mounting plugin KDevelopSourceCodeAccess
LogPluginManager: Mounting plugin NullSourceCodeAccess
LogPluginManager: Mounting plugin PerforceSourceControl
LogPluginManager: Mounting plugin PlasticSourceControl
LogPluginManager: Mounting plugin SubversionSourceControl
LogPluginManager: Mounting plugin UObjectPlugin
LogPluginManager: Mounting plugin VisualStudioCodeSourceCodeAccess
LogPluginManager: Mounting plugin VisualStudioSourceCodeAccess
LogPluginManager: Mounting plugin XCodeSourceCodeAccess
LogPluginManager: Mounting plugin AssetManagerEditor
LogPluginManager: Mounting plugin CryptoKeys
LogPluginManager: Mounting plugin CurveEditorTools
LogPluginManager: Mounting plugin DataValidation
LogPluginManager: Mounting plugin FacialAnimation
LogPluginManager: Mounting plugin GameplayTagsEditor
LogPluginManager: Mounting plugin MacGraphicsSwitching
LogPluginManager: Mounting plugin MaterialAnalyzer
LogPluginManager: Mounting plugin MobileLauncherProfileWizard
LogPluginManager: Mounting plugin PluginBrowser
LogPluginManager: Mounting plugin SpeedTreeImporter
LogPluginManager: Mounting plugin DatasmithContent
LogPluginManager: Mounting plugin VariantManagerContent
LogPluginManager: Mounting plugin AlembicImporter
LogPluginManager: Mounting plugin AutomationUtils
LogPluginManager: Mounting plugin BackChannel
LogPluginManager: Mounting plugin CharacterAI
LogPluginManager: Mounting plugin GeometryCache
LogPluginManager: Mounting plugin PlatformCrypto
LogPluginManager: Mounting plugin ProxyLODPlugin
LogPluginManager: Mounting plugin SkeletalReduction
LogPluginManager: Mounting plugin MagicLeap
LogPluginManager: Mounting plugin MagicLeapMedia
LogPluginManager: Mounting plugin MLSDK
LogPluginManager: Mounting plugin AndroidMedia
LogPluginManager: Mounting plugin AvfMedia
LogPluginManager: Mounting plugin ImgMedia
LogPluginManager: Mounting plugin MediaCompositing
LogPluginManager: Mounting plugin MediaPlayerEditor
LogPluginManager: Mounting plugin WebMMedia
LogPluginManager: Mounting plugin WmfMedia
LogPluginManager: Mounting plugin TcpMessaging
LogPluginManager: Mounting plugin UdpMessaging
LogPluginManager: Mounting plugin ActorSequence
LogPluginManager: Mounting plugin LevelSequenceEditor
LogPluginManager: Mounting plugin MatineeToLevelSequence
LogPluginManager: Mounting plugin NetcodeUnitTest
LogPluginManager: Mounting plugin NUTUnrealEngine4
LogPluginManager: Mounting plugin OnlineSubsystemGooglePlay
LogPluginManager: Mounting plugin OnlineSubsystemIOS
LogPluginManager: Mounting plugin OnlineSubsystem
LogPluginManager: Mounting plugin OnlineSubsystemNull
LogPluginManager: Mounting plugin OnlineSubsystemUtils
LogPluginManager: Mounting plugin LauncherChunkInstaller
LogPluginManager: Mounting plugin AndroidDeviceProfileSelector
LogPluginManager: Mounting plugin AndroidMoviePlayer
LogPluginManager: Mounting plugin AndroidPermission
LogPluginManager: Mounting plugin AppleImageUtils
LogPluginManager: Mounting plugin AppleMoviePlayer
LogPluginManager: Mounting plugin ArchVisCharacter
LogPluginManager: Mounting plugin AssetTags
LogPluginManager: Mounting plugin AudioCapture
LogPluginManager: Mounting plugin CableComponent
LogPluginManager: Mounting plugin CustomMeshComponent
LogPluginManager: Mounting plugin EditableMesh
LogPluginManager: Mounting plugin ExampleDeviceProfileSelector
LogPluginManager: Mounting plugin GoogleCloudMessaging
LogPluginManager: Mounting plugin IOSDeviceProfileSelector
LogPluginManager: Mounting plugin LinuxDeviceProfileSelector
LogPluginManager: Mounting plugin LocationServicesBPLibrary
LogPluginManager: Mounting plugin MobilePatchingUtils
LogPluginManager: Mounting plugin OculusVR
LogPluginManager: Mounting plugin PhysXVehicles
LogPluginManager: Mounting plugin PostSplashScreen
LogPluginManager: Mounting plugin ProceduralMeshComponent
LogPluginManager: Mounting plugin RuntimePhysXCooking
LogPluginManager: Mounting plugin SignificanceManager
LogPluginManager: Mounting plugin SteamVR
LogPluginManager: Mounting plugin WebMMoviePlayer
LogPluginManager: Mounting plugin WindowsMoviePlayer
LogPluginManager: Mounting plugin ScreenshotTools
LogInit: Using libcurl 7.55.1-DEV
LogInit:  - built for x86_64-pc-win32
LogInit:  - supports SSL with OpenSSL/1.1.1
LogInit:  - supports HTTP deflate (compression) using libz 1.2.8
LogInit:  - other features:
LogInit:      CURL_VERSION_SSL
LogInit:      CURL_VERSION_LIBZ
LogInit:      CURL_VERSION_IPV6
LogInit:      CURL_VERSION_ASYNCHDNS
LogInit:      CURL_VERSION_LARGEFILE
LogInit:      CURL_VERSION_IDN
LogInit:  CurlRequestOptions (configurable via config and command line):
LogInit:  - bVerifyPeer = true  - Libcurl will verify peer certificate
LogInit:  - bUseHttpProxy = false  - Libcurl will NOT use HTTP proxy
LogInit:  - bDontReuseConnections = false  - Libcurl will reuse connections
LogInit:  - MaxHostConnections = 16  - Libcurl will limit the number of connections to a host
LogInit:  - LocalHostAddr = Default
LogInit:  - BufferSize = 65536
LogOnline: OSS: Creating online subsystem instance for: NULL
LogInit: WinSock: version 1.1 (2.2), MaxSocks=32767, MaxUdp=65467
LogOnline: OSS: TryLoadSubsystemAndSetDefault: Loaded subsystem for module [NULL]
LogInit: Build: ++UE4+Release-4.24-CL-11590370
LogInit: Engine Version: 4.24.3-11590370+++UE4+Release-4.24
LogInit: Compatible Engine Version: 4.24.0-10570792+++UE4+Release-4.24
LogInit: Net CL: 10570792
LogInit: OS: Windows 7 (Service Pack 1), CPU: AMD Six-Core Processor, GPU: NVIDIA GeForce GTS 450
LogInit: Compiled (64-bit): Feb 24 2020 15:39:18
LogInit: Compiled with Visual C++: 19.16.27032.01
LogInit: Build Configuration: Development
LogInit: Branch Name: ++UE4+Release-4.24
LogInit: Command Line: 
LogInit: Base Directory: F:/UE_4.24/Engine/Binaries/Win64/
LogInit: Installed Engine Build: 1
LogDevObjectVersion: Number of dev versions registered: 25
LogDevObjectVersion:   Dev-Blueprints (B0D832E4-1F89-4F0D-ACCF-7EB736FD4AA2): 10
LogDevObjectVersion:   Dev-Build (E1C64328-A22C-4D53-A36C-8E866417BD8C): 0
LogDevObjectVersion:   Dev-Core (375EC13C-06E4-48FB-B500-84F0262A717E): 3
LogDevObjectVersion:   Dev-Editor (E4B068ED-F494-42E9-A231-DA0B2E46BB41): 37
LogDevObjectVersion:   Dev-Framework (CFFC743F-43B0-4480-9391-14DF171D2073): 36
LogDevObjectVersion:   Dev-Mobile (B02B49B5-BB20-44E9-A304-32B752E40360): 2
LogDevObjectVersion:   Dev-Networking (A4E4105C-59A1-49B5-A7C5-40C4547EDFEE): 0
LogDevObjectVersion:   Dev-Online (39C831C9-5AE6-47DC-9A44-9C173E1C8E7C): 0
LogDevObjectVersion:   Dev-Physics (78F01B33-EBEA-4F98-B9B4-84EACCB95AA2): 2
LogDevObjectVersion:   Dev-Platform (6631380F-2D4D-43E0-8009-CF276956A95A): 0
LogDevObjectVersion:   Dev-Rendering (12F88B9F-8875-4AFC-A67C-D90C383ABD29): 36
LogDevObjectVersion:   Dev-Sequencer (7B5AE74C-D270-4C10-A958-57980B212A5A): 11
LogDevObjectVersion:   Dev-VR (D7296918-1DD6-4BDD-9DE2-64A83CC13884): 2
LogDevObjectVersion:   Dev-LoadTimes (C2A15278-BFE7-4AFE-6C17-90FF531DF755): 1
LogDevObjectVersion:   Private-Geometry (6EACA3D4-40EC-4CC1-B786-8BED09428FC5): 3
LogDevObjectVersion:   Dev-AnimPhys (29E575DD-E0A3-4627-9D10-D276232CDCEA): 17
LogDevObjectVersion:   Dev-Anim (AF43A65D-7FD3-4947-9873-3E8ED9C1BB05): 2
LogDevObjectVersion:   Dev-ReflectionCapture (6B266CEC-1EC7-4B8F-A30B-E4D90942FC07): 1
LogDevObjectVersion:   Dev-Automation (0DF73D61-A23F-47EA-B727-89E90C41499A): 1
LogDevObjectVersion:   FortniteMain (601D1886-AC64-4F84-AA16-D3DE0DEAC7D6): 31
LogDevObjectVersion:   Dev-Enterprise (9DFFBCD6-494F-0158-E221-12823C92A888): 8
LogDevObjectVersion:   Dev-Niagara (F2AED0AC-9AFE-416F-8664-AA7FFA26D6FC): 1
LogDevObjectVersion:   Dev-Destruction (174F1F0B-B4C6-45A5-B13F-2EE8D0FB917D): 9
LogDevObjectVersion:   Dev-Physics-Ext (35F94A83-E258-406C-A318-09F59610247C): 8
LogDevObjectVersion:   Dev-CineCamera (B2E18506-4273-CFC2-A54E-F4BB758BBA07): 1
LogInit: Presizing for max 25165824 objects, including 0 objects not considered by GC, pre-allocating 0 bytes for permanent pool.
LogInit: Object subsystem initialized
LogConfig: Setting CVar [[con.DebugEarlyDefault:1]]
LogConfig: Setting CVar [[r.setres:1280x720]]
[2020.09.14-10.38.21:410][  0]LogConfig: Setting CVar [[r.VSync:0]]
[2020.09.14-10.38.21:410][  0]LogConfig: Setting CVar [[r.RHICmdBypass:0]]
[2020.09.14-10.38.21:410][  0]LogConfig: Applying CVar settings from Section [/Script/Engine.RendererSettings] File [F:/EL_Task/Saved/Config/Windows/Engine.ini]
[2020.09.14-10.38.21:410][  0]LogConfig: Setting CVar [[r.GPUCrashDebugging:0]]
[2020.09.14-10.38.21:410][  0]LogConfig: Applying CVar settings from Section [/Script/Engine.RendererOverrideSettings] File [F:/EL_Task/Saved/Config/Windows/Engine.ini]
[2020.09.14-10.38.21:410][  0]LogConfig: Applying CVar settings from Section [/Script/Engine.StreamingSettings] File [F:/EL_Task/Saved/Config/Windows/Engine.ini]
[2020.09.14-10.38.21:411][  0]LogConfig: Setting CVar [[s.MinBulkDataSizeForAsyncLoading:131072]]
[2020.09.14-10.38.21:411][  0]LogConfig: Setting CVar [[s.AsyncLoadingThreadEnabled:0]]
[2020.09.14-10.38.21:411][  0]LogConfig: Setting CVar [[s.EventDrivenLoaderEnabled:1]]
[2020.09.14-10.38.21:411][  0]LogConfig: Setting CVar [[s.WarnIfTimeLimitExceeded:0]]
[2020.09.14-10.38.21:411][  0]LogConfig: Setting CVar [[s.TimeLimitExceededMultiplier:1.5]]
[2020.09.14-10.38.21:411][  0]LogConfig: Setting CVar [[s.TimeLimitExceededMinTime:0.005]]
[2020.09.14-10.38.21:411][  0]LogConfig: Setting CVar [[s.UseBackgroundLevelStreaming:1]]
[2020.09.14-10.38.21:411][  0]LogConfig: Setting CVar [[s.PriorityAsyncLoadingExtraTime:15.0]]
[2020.09.14-10.38.21:411][  0]LogConfig: Setting CVar [[s.LevelStreamingActorsUpdateTimeLimit:5.0]]
[2020.09.14-10.38.21:411][  0]LogConfig: Setting CVar [[s.PriorityLevelStreamingActorsUpdateExtraTime:5.0]]
[2020.09.14-10.38.21:411][  0]LogConfig: Setting CVar [[s.LevelStreamingComponentsRegistrationGranularity:10]]
[2020.09.14-10.38.21:411][  0]LogConfig: Setting CVar [[s.UnregisterComponentsTimeLimit:1.0]]
[2020.09.14-10.38.21:411][  0]LogConfig: Setting CVar [[s.LevelStreamingComponentsUnregistrationGranularity:5]]
[2020.09.14-10.38.21:411][  0]LogConfig: Setting CVar [[s.FlushStreamingOnExit:1]]
[2020.09.14-10.38.21:411][  0]LogConfig: Applying CVar settings from Section [/Script/Engine.GarbageCollectionSettings] File [F:/EL_Task/Saved/Config/Windows/Engine.ini]
[2020.09.14-10.38.21:411][  0]LogConfig: Setting CVar [[gc.MaxObjectsNotConsideredByGC:1]]
[2020.09.14-10.38.21:411][  0]LogConfig: Setting CVar [[gc.SizeOfPermanentObjectPool:0]]
[2020.09.14-10.38.21:411][  0]LogConfig: Setting CVar [[gc.FlushStreamingOnGC:0]]
[2020.09.14-10.38.21:411][  0]LogConfig: Setting CVar [[gc.NumRetriesBeforeForcingGC:10]]
[2020.09.14-10.38.21:411][  0]LogConfig: Setting CVar [[gc.AllowParallelGC:1]]
[2020.09.14-10.38.21:411][  0]LogConfig: Setting CVar [[gc.TimeBetweenPurgingPendingKillObjects:61.1]]
[2020.09.14-10.38.21:411][  0]LogConfig: Setting CVar [[gc.MaxObjectsInEditor:25165824]]
[2020.09.14-10.38.21:411][  0]LogConfig: Setting CVar [[gc.IncrementalBeginDestroyEnabled:1]]
[2020.09.14-10.38.21:411][  0]LogConfig: Setting CVar [[gc.CreateGCClusters:1]]
[2020.09.14-10.38.21:411][  0]LogConfig: Setting CVar [[gc.MinGCClusterSize:5]]
[2020.09.14-10.38.21:411][  0]LogConfig: Setting CVar [[gc.ActorClusteringEnabled:0]]
[2020.09.14-10.38.21:411][  0]LogConfig: Setting CVar [[gc.BlueprintClusteringEnabled:0]]
[2020.09.14-10.38.21:411][  0]LogConfig: Setting CVar [[gc.UseDisregardForGCOnDedicatedServers:0]]
[2020.09.14-10.38.21:411][  0]LogConfig: Applying CVar settings from Section [/Script/Engine.NetworkSettings] File [F:/EL_Task/Saved/Config/Windows/Engine.ini]
[2020.09.14-10.38.21:411][  0]LogConfig: Applying CVar settings from Section [/Script/UnrealEd.CookerSettings] File [F:/EL_Task/Saved/Config/Windows/Engine.ini]
[2020.09.14-10.38.21:414][  0]LogConfig: Applying CVar settings from Section [ViewDistanceQuality@3] File [F:/EL_Task/Saved/Config/Windows/Scalability.ini]
[2020.09.14-10.38.21:414][  0]LogConfig: Setting CVar [[r.SkeletalMeshLODBias:0]]
[2020.09.14-10.38.21:414][  0]LogConfig: Setting CVar [[r.ViewDistanceScale:1.0]]
[2020.09.14-10.38.21:414][  0]LogConfig: Applying CVar settings from Section [AntiAliasingQuality@3] File [F:/EL_Task/Saved/Config/Windows/Scalability.ini]
[2020.09.14-10.38.21:414][  0]LogConfig: Setting CVar [[r.PostProcessAAQuality:4]]
[2020.09.14-10.38.21:414][  0]LogConfig: Applying CVar settings from Section [ShadowQuality@3] File [F:/EL_Task/Saved/Config/Windows/Scalability.ini]
[2020.09.14-10.38.21:414][  0]LogConfig: Setting CVar [[r.LightFunctionQuality:1]]
[2020.09.14-10.38.21:414][  0]LogConfig: Setting CVar [[r.ShadowQuality:5]]
[2020.09.14-10.38.21:414][  0]LogConfig: Setting CVar [[r.Shadow.CSM.MaxCascades:10]]
[2020.09.14-10.38.21:414][  0]LogConfig: Setting CVar [[r.Shadow.MaxResolution:2048]]
[2020.09.14-10.38.21:414][  0]LogConfig: Setting CVar [[r.Shadow.MaxCSMResolution:2048]]
[2020.09.14-10.38.21:414][  0]LogConfig: Setting CVar [[r.Shadow.RadiusThreshold:0.01]]
[2020.09.14-10.38.21:414][  0]LogConfig: Setting CVar [[r.Shadow.DistanceScale:1.0]]
[2020.09.14-10.38.21:414][  0]LogConfig: Setting CVar [[r.Shadow.CSM.TransitionScale:1.0]]
[2020.09.14-10.38.21:414][  0]LogConfig: Setting CVar [[r.Shadow.PreShadowResolutionFactor:1.0]]
[2020.09.14-10.38.21:414][  0]LogConfig: Setting CVar [[r.DistanceFieldShadowing:1]]
[2020.09.14-10.38.21:414][  0]LogConfig: Setting CVar [[r.DistanceFieldAO:1]]
[2020.09.14-10.38.21:414][  0]LogConfig: Setting CVar [[r.AOQuality:2]]
[2020.09.14-10.38.21:414][  0]LogConfig: Setting CVar [[r.VolumetricFog:1]]
[2020.09.14-10.38.21:414][  0]LogConfig: Setting CVar [[r.VolumetricFog.GridPixelSize:8]]
[2020.09.14-10.38.21:414][  0]LogConfig: Setting CVar [[r.VolumetricFog.GridSizeZ:128]]
[2020.09.14-10.38.21:414][  0]LogConfig: Setting CVar [[r.VolumetricFog.HistoryMissSupersampleCount:4]]
[2020.09.14-10.38.21:414][  0]LogConfig: Setting CVar [[r.LightMaxDrawDistanceScale:1]]
[2020.09.14-10.38.21:414][  0]LogConfig: Setting CVar [[r.CapsuleShadows:1]]
[2020.09.14-10.38.21:414][  0]LogConfig: Applying CVar settings from Section [PostProcessQuality@3] File [F:/EL_Task/Saved/Config/Windows/Scalability.ini]
[2020.09.14-10.38.21:414][  0]LogConfig: Setting CVar [[r.MotionBlurQuality:4]]
[2020.09.14-10.38.21:414][  0]LogConfig: Setting CVar [[r.AmbientOcclusionMipLevelFactor:0.4]]
[2020.09.14-10.38.21:414][  0]LogConfig: Setting CVar [[r.AmbientOcclusionMaxQuality:100]]
[2020.09.14-10.38.21:414][  0]LogConfig: Setting CVar [[r.AmbientOcclusionLevels:-1]]
[2020.09.14-10.38.21:414][  0]LogConfig: Setting CVar [[r.AmbientOcclusionRadiusScale:1.0]]
[2020.09.14-10.38.21:414][  0]LogConfig: Setting CVar [[r.DepthOfFieldQuality:2]]
[2020.09.14-10.38.21:414][  0]LogConfig: Setting CVar [[r.RenderTargetPoolMin:400]]
[2020.09.14-10.38.21:414][  0]LogConfig: Setting CVar [[r.LensFlareQuality:2]]
[2020.09.14-10.38.21:414][  0]LogConfig: Setting CVar [[r.SceneColorFringeQuality:1]]
[2020.09.14-10.38.21:414][  0]LogConfig: Setting CVar [[r.EyeAdaptationQuality:2]]
[2020.09.14-10.38.21:414][  0]LogConfig: Setting CVar [[r.BloomQuality:5]]
[2020.09.14-10.38.21:414][  0]LogConfig: Setting CVar [[r.FastBlurThreshold:100]]
[2020.09.14-10.38.21:414][  0]LogConfig: Setting CVar [[r.Upscale.Quality:3]]
[2020.09.14-10.38.21:414][  0]LogConfig: Setting CVar [[r.Tonemapper.GrainQuantization:1]]
[2020.09.14-10.38.21:414][  0]LogConfig: Setting CVar [[r.LightShaftQuality:1]]
[2020.09.14-10.38.21:414][  0]LogConfig: Setting CVar [[r.Filter.SizeScale:1]]
[2020.09.14-10.38.21:414][  0]LogConfig: Setting CVar [[r.Tonemapper.Quality:5]]
[2020.09.14-10.38.21:414][  0]LogConfig: Setting CVar [[r.DOF.Gather.AccumulatorQuality:1        ; higher gathering accumulator quality]]
[2020.09.14-10.38.21:415][  0]LogConfig: Setting CVar [[r.DOF.Gather.PostfilterMethod:1          ; Median3x3 postfilering method]]
[2020.09.14-10.38.21:415][  0]LogConfig: Setting CVar [[r.DOF.Gather.EnableBokehSettings:0       ; no bokeh simulation when gathering]]
[2020.09.14-10.38.21:415][  0]LogConfig: Setting CVar [[r.DOF.Gather.RingCount:4                 ; medium number of samples when gathering]]
[2020.09.14-10.38.21:415][  0]LogConfig: Setting CVar [[r.DOF.Scatter.ForegroundCompositing:1    ; additive foreground scattering]]
[2020.09.14-10.38.21:415][  0]LogConfig: Setting CVar [[r.DOF.Scatter.BackgroundCompositing:2    ; additive background scattering]]
[2020.09.14-10.38.21:415][  0]LogConfig: Setting CVar [[r.DOF.Scatter.EnableBokehSettings:1      ; bokeh simulation when scattering]]
[2020.09.14-10.38.21:415][  0]LogConfig: Setting CVar [[r.DOF.Scatter.MaxSpriteRatio:0.1         ; only a maximum of 10% of scattered bokeh]]
[2020.09.14-10.38.21:415][  0]LogConfig: Setting CVar [[r.DOF.Recombine.Quality:1                ; cheap slight out of focus]]
[2020.09.14-10.38.21:415][  0]LogConfig: Setting CVar [[r.DOF.Recombine.EnableBokehSettings:0    ; no bokeh simulation on slight out of focus]]
[2020.09.14-10.38.21:415][  0]LogConfig: Setting CVar [[r.DOF.TemporalAAQuality:1                ; more stable temporal accumulation]]
[2020.09.14-10.38.21:415][  0]LogConfig: Setting CVar [[r.DOF.Kernel.MaxForegroundRadius:0.025]]
[2020.09.14-10.38.21:415][  0]LogConfig: Setting CVar [[r.DOF.Kernel.MaxBackgroundRadius:0.025]]
[2020.09.14-10.38.21:415][  0]LogConfig: Applying CVar settings from Section [TextureQuality@3] File [F:/EL_Task/Saved/Config/Windows/Scalability.ini]
[2020.09.14-10.38.21:415][  0]LogConfig: Setting CVar [[r.Streaming.MipBias:0]]
[2020.09.14-10.38.21:415][  0]LogConfig: Setting CVar [[r.Streaming.AmortizeCPUToGPUCopy:0]]
[2020.09.14-10.38.21:415][  0]LogConfig: Setting CVar [[r.Streaming.MaxNumTexturesToStreamPerFrame:0]]
[2020.09.14-10.38.21:415][  0]LogConfig: Setting CVar [[r.Streaming.Boost:1]]
[2020.09.14-10.38.21:415][  0]LogConfig: Setting CVar [[r.MaxAnisotropy:8]]
[2020.09.14-10.38.21:415][  0]LogConfig: Setting CVar [[r.VT.MaxAnisotropy:8]]
[2020.09.14-10.38.21:415][  0]LogConfig: Setting CVar [[r.Streaming.LimitPoolSizeToVRAM:0]]
[2020.09.14-10.38.21:415][  0]LogConfig: Setting CVar [[r.Streaming.PoolSize:1000]]
[2020.09.14-10.38.21:415][  0]LogConfig: Setting CVar [[r.Streaming.MaxEffectiveScreenSize:0]]
[2020.09.14-10.38.21:415][  0]LogConfig: Applying CVar settings from Section [EffectsQuality@3] File [F:/EL_Task/Saved/Config/Windows/Scalability.ini]
[2020.09.14-10.38.21:415][  0]LogConfig: Setting CVar [[r.TranslucencyLightingVolumeDim:64]]
[2020.09.14-10.38.21:415][  0]LogConfig: Setting CVar [[r.RefractionQuality:2]]
[2020.09.14-10.38.21:415][  0]LogConfig: Setting CVar [[r.SSR.Quality:3]]
[2020.09.14-10.38.21:415][  0]LogConfig: Setting CVar [[r.SSR.HalfResSceneColor:0]]
[2020.09.14-10.38.21:415][  0]LogConfig: Setting CVar [[r.SceneColorFormat:4]]
[2020.09.14-10.38.21:415][  0]LogConfig: Setting CVar [[r.DetailMode:2]]
[2020.09.14-10.38.21:415][  0]LogConfig: Setting CVar [[r.TranslucencyVolumeBlur:1]]
[2020.09.14-10.38.21:415][  0]LogConfig: Setting CVar [[r.MaterialQualityLevel:1 ; High quality]]
[2020.09.14-10.38.21:415][  0]LogConfig: Setting CVar [[r.SSS.Scale:1]]
[2020.09.14-10.38.21:415][  0]LogConfig: Setting CVar [[r.SSS.SampleSet:2]]
[2020.09.14-10.38.21:415][  0]LogConfig: Setting CVar [[r.SSS.Quality:1]]
[2020.09.14-10.38.21:415][  0]LogConfig: Setting CVar [[r.SSS.HalfRes:1]]
[2020.09.14-10.38.21:415][  0]LogConfig: Setting CVar [[r.SSGI.Quality:3]]
[2020.09.14-10.38.21:415][  0]LogConfig: Setting CVar [[r.EmitterSpawnRateScale:1.0]]
[2020.09.14-10.38.21:415][  0]LogConfig: Setting CVar [[r.ParticleLightQuality:2]]
[2020.09.14-10.38.21:415][  0]LogConfig: Setting CVar [[r.SkyAtmosphere.AerialPerspectiveLUT.FastApplyOnOpaque:1 ; Always have FastSkyLUT 1 in this case to avoid wrong sky]]
[2020.09.14-10.38.21:415][  0]LogConfig: Setting CVar [[r.SkyAtmosphere.AerialPerspectiveLUT.SampleCountPerSlice:1]]
[2020.09.14-10.38.21:415][  0]LogConfig: Setting CVar [[r.SkyAtmosphere.AerialPerspectiveLUT.DepthResolution:16.0]]
[2020.09.14-10.38.21:415][  0]LogConfig: Setting CVar [[r.SkyAtmosphere.FastSkyLUT:1]]
[2020.09.14-10.38.21:415][  0]LogConfig: Setting CVar [[r.SkyAtmosphere.FastSkyLUT.SampleCountMin:4.0]]
[2020.09.14-10.38.21:415][  0]LogConfig: Setting CVar [[r.SkyAtmosphere.FastSkyLUT.SampleCountMax:32.0]]
[2020.09.14-10.38.21:415][  0]LogConfig: Setting CVar [[r.SkyAtmosphere.SampleCountMin:4.0]]
[2020.09.14-10.38.21:415][  0]LogConfig: Setting CVar [[r.SkyAtmosphere.SampleCountMax:32.0]]
[2020.09.14-10.38.21:415][  0]LogConfig: Setting CVar [[r.SkyAtmosphere.TransmittanceLUT.UseSmallFormat:0]]
[2020.09.14-10.38.21:415][  0]LogConfig: Setting CVar [[r.SkyAtmosphere.TransmittanceLUT.SampleCount:10.0]]
[2020.09.14-10.38.21:415][  0]LogConfig: Setting CVar [[r.SkyAtmosphere.MultiScatteringLUT.SampleCount:15.0]]
[2020.09.14-10.38.21:415][  0]LogConfig: Applying CVar settings from Section [FoliageQuality@3] File [F:/EL_Task/Saved/Config/Windows/Scalability.ini]
[2020.09.14-10.38.21:416][  0]LogConfig: Setting CVar [[foliage.DensityScale:1.0]]
[2020.09.14-10.38.21:416][  0]LogConfig: Setting CVar [[grass.DensityScale:1.0]]
[2020.09.14-10.38.21:416][  0]LogConfig: Applying CVar settings from Section [ShadingQuality@3] File [F:/EL_Task/Saved/Config/Windows/Scalability.ini]
[2020.09.14-10.38.21:416][  0]LogConfig: Setting CVar [[r.HairStrands.SkyLighting.SampleCount:16]]
[2020.09.14-10.38.21:416][  0]LogConfig: Setting CVar [[r.HairStrands.SkyLighting.JitterIntegration:0]]
[2020.09.14-10.38.21:416][  0]LogConfig: Setting CVar [[r.HairStrands.SkyAO.SampleCount:16]]
[2020.09.14-10.38.21:416][  0]LogInit: Selected Device Profile: [Windows]
[2020.09.14-10.38.21:416][  0]LogInit: Applying CVar settings loaded from the selected device profile: [Windows]
[2020.09.14-10.38.21:419][  0]LogHAL: Display: Platform has ~ 12 GB [12881989632 / 17179869184 / 12], which maps to Larger [LargestMinGB=32, LargerMinGB=12, DefaultMinGB=8, SmallerMinGB=6, SmallestMinGB=0)
[2020.09.14-10.38.21:419][  0]LogInit: Going up to parent DeviceProfile []
[2020.09.14-10.38.21:419][  0]LogConfig: Applying CVar settings from Section [ViewDistanceQuality@3] File [F:/EL_Task/Saved/Config/Windows/Scalability.ini]
[2020.09.14-10.38.21:419][  0]LogConfig: Setting CVar [[r.SkeletalMeshLODBias:0]]
[2020.09.14-10.38.21:419][  0]LogConfig: Setting CVar [[r.ViewDistanceScale:1.0]]
[2020.09.14-10.38.21:419][  0]LogConfig: Applying CVar settings from Section [AntiAliasingQuality@3] File [F:/EL_Task/Saved/Config/Windows/Scalability.ini]
[2020.09.14-10.38.21:419][  0]LogConfig: Setting CVar [[r.PostProcessAAQuality:4]]
[2020.09.14-10.38.21:419][  0]LogConfig: Applying CVar settings from Section [ShadowQuality@3] File [F:/EL_Task/Saved/Config/Windows/Scalability.ini]
[2020.09.14-10.38.21:419][  0]LogConfig: Setting CVar [[r.LightFunctionQuality:1]]
[2020.09.14-10.38.21:419][  0]LogConfig: Setting CVar [[r.ShadowQuality:5]]
[2020.09.14-10.38.21:419][  0]LogConfig: Setting CVar [[r.Shadow.CSM.MaxCascades:10]]
[2020.09.14-10.38.21:419][  0]LogConfig: Setting CVar [[r.Shadow.MaxResolution:2048]]
[2020.09.14-10.38.21:419][  0]LogConfig: Setting CVar [[r.Shadow.MaxCSMResolution:2048]]
[2020.09.14-10.38.21:419][  0]LogConfig: Setting CVar [[r.Shadow.RadiusThreshold:0.01]]
[2020.09.14-10.38.21:419][  0]LogConfig: Setting CVar [[r.Shadow.DistanceScale:1.0]]
[2020.09.14-10.38.21:420][  0]LogConfig: Setting CVar [[r.Shadow.CSM.TransitionScale:1.0]]
[2020.09.14-10.38.21:420][  0]LogConfig: Setting CVar [[r.Shadow.PreShadowResolutionFactor:1.0]]
[2020.09.14-10.38.21:420][  0]LogConfig: Setting CVar [[r.DistanceFieldShadowing:1]]
[2020.09.14-10.38.21:420][  0]LogConfig: Setting CVar [[r.DistanceFieldAO:1]]
[2020.09.14-10.38.21:420][  0]LogConfig: Setting CVar [[r.AOQuality:2]]
[2020.09.14-10.38.21:420][  0]LogConfig: Setting CVar [[r.VolumetricFog:1]]
[2020.09.14-10.38.21:420][  0]LogConfig: Setting CVar [[r.VolumetricFog.GridPixelSize:8]]
[2020.09.14-10.38.21:420][  0]LogConfig: Setting CVar [[r.VolumetricFog.GridSizeZ:128]]
[2020.09.14-10.38.21:420][  0]LogConfig: Setting CVar [[r.VolumetricFog.HistoryMissSupersampleCount:4]]
[2020.09.14-10.38.21:420][  0]LogConfig: Setting CVar [[r.LightMaxDrawDistanceScale:1]]
[2020.09.14-10.38.21:420][  0]LogConfig: Setting CVar [[r.CapsuleShadows:1]]
[2020.09.14-10.38.21:420][  0]LogConfig: Applying CVar settings from Section [PostProcessQuality@3] File [F:/EL_Task/Saved/Config/Windows/Scalability.ini]
[2020.09.14-10.38.21:420][  0]LogConfig: Setting CVar [[r.MotionBlurQuality:4]]
[2020.09.14-10.38.21:420][  0]LogConfig: Setting CVar [[r.AmbientOcclusionMipLevelFactor:0.4]]
[2020.09.14-10.38.21:420][  0]LogConfig: Setting CVar [[r.AmbientOcclusionMaxQuality:100]]
[2020.09.14-10.38.21:420][  0]LogConfig: Setting CVar [[r.AmbientOcclusionLevels:-1]]
[2020.09.14-10.38.21:420][  0]LogConfig: Setting CVar [[r.AmbientOcclusionRadiusScale:1.0]]
[2020.09.14-10.38.21:420][  0]LogConfig: Setting CVar [[r.DepthOfFieldQuality:2]]
[2020.09.14-10.38.21:420][  0]LogConfig: Setting CVar [[r.RenderTargetPoolMin:400]]
[2020.09.14-10.38.21:420][  0]LogConfig: Setting CVar [[r.LensFlareQuality:2]]
[2020.09.14-10.38.21:420][  0]LogConfig: Setting CVar [[r.SceneColorFringeQuality:1]]
[2020.09.14-10.38.21:420][  0]LogConfig: Setting CVar [[r.EyeAdaptationQuality:2]]
[2020.09.14-10.38.21:420][  0]LogConfig: Setting CVar [[r.BloomQuality:5]]
[2020.09.14-10.38.21:420][  0]LogConfig: Setting CVar [[r.FastBlurThreshold:100]]
[2020.09.14-10.38.21:420][  0]LogConfig: Setting CVar [[r.Upscale.Quality:3]]
[2020.09.14-10.38.21:420][  0]LogConfig: Setting CVar [[r.Tonemapper.GrainQuantization:1]]
[2020.09.14-10.38.21:420][  0]LogConfig: Setting CVar [[r.LightShaftQuality:1]]
[2020.09.14-10.38.21:420][  0]LogConfig: Setting CVar [[r.Filter.SizeScale:1]]
[2020.09.14-10.38.21:420][  0]LogConfig: Setting CVar [[r.Tonemapper.Quality:5]]
[2020.09.14-10.38.21:420][  0]LogConfig: Setting CVar [[r.DOF.Gather.AccumulatorQuality:1        ; higher gathering accumulator quality]]
[2020.09.14-10.38.21:420][  0]LogConfig: Setting CVar [[r.DOF.Gather.PostfilterMethod:1          ; Median3x3 postfilering method]]
[2020.09.14-10.38.21:420][  0]LogConfig: Setting CVar [[r.DOF.Gather.EnableBokehSettings:0       ; no bokeh simulation when gathering]]
[2020.09.14-10.38.21:420][  0]LogConfig: Setting CVar [[r.DOF.Gather.RingCount:4                 ; medium number of samples when gathering]]
[2020.09.14-10.38.21:420][  0]LogConfig: Setting CVar [[r.DOF.Scatter.ForegroundCompositing:1    ; additive foreground scattering]]
[2020.09.14-10.38.21:420][  0]LogConfig: Setting CVar [[r.DOF.Scatter.BackgroundCompositing:2    ; additive background scattering]]
[2020.09.14-10.38.21:420][  0]LogConfig: Setting CVar [[r.DOF.Scatter.EnableBokehSettings:1      ; bokeh simulation when scattering]]
[2020.09.14-10.38.21:420][  0]LogConfig: Setting CVar [[r.DOF.Scatter.MaxSpriteRatio:0.1         ; only a maximum of 10% of scattered bokeh]]
[2020.09.14-10.38.21:420][  0]LogConfig: Setting CVar [[r.DOF.Recombine.Quality:1                ; cheap slight out of focus]]
[2020.09.14-10.38.21:420][  0]LogConfig: Setting CVar [[r.DOF.Recombine.EnableBokehSettings:0    ; no bokeh simulation on slight out of focus]]
[2020.09.14-10.38.21:420][  0]LogConfig: Setting CVar [[r.DOF.TemporalAAQuality:1                ; more stable temporal accumulation]]
[2020.09.14-10.38.21:420][  0]LogConfig: Setting CVar [[r.DOF.Kernel.MaxForegroundRadius:0.025]]
[2020.09.14-10.38.21:420][  0]LogConfig: Setting CVar [[r.DOF.Kernel.MaxBackgroundRadius:0.025]]
[2020.09.14-10.38.21:420][  0]LogConfig: Applying CVar settings from Section [TextureQuality@3] File [F:/EL_Task/Saved/Config/Windows/Scalability.ini]
[2020.09.14-10.38.21:420][  0]LogConfig: Setting CVar [[r.Streaming.MipBias:0]]
[2020.09.14-10.38.21:420][  0]LogConfig: Setting CVar [[r.Streaming.AmortizeCPUToGPUCopy:0]]
[2020.09.14-10.38.21:420][  0]LogConfig: Setting CVar [[r.Streaming.MaxNumTexturesToStreamPerFrame:0]]
[2020.09.14-10.38.21:420][  0]LogConfig: Setting CVar [[r.Streaming.Boost:1]]
[2020.09.14-10.38.21:420][  0]LogConfig: Setting CVar [[r.MaxAnisotropy:8]]
[2020.09.14-10.38.21:420][  0]LogConfig: Setting CVar [[r.VT.MaxAnisotropy:8]]
[2020.09.14-10.38.21:420][  0]LogConfig: Setting CVar [[r.Streaming.LimitPoolSizeToVRAM:0]]
[2020.09.14-10.38.21:420][  0]LogConfig: Setting CVar [[r.Streaming.PoolSize:1000]]
[2020.09.14-10.38.21:420][  0]LogConfig: Setting CVar [[r.Streaming.MaxEffectiveScreenSize:0]]
[2020.09.14-10.38.21:420][  0]LogConfig: Applying CVar settings from Section [EffectsQuality@3] File [F:/EL_Task/Saved/Config/Windows/Scalability.ini]
[2020.09.14-10.38.21:420][  0]LogConfig: Setting CVar [[r.TranslucencyLightingVolumeDim:64]]
[2020.09.14-10.38.21:421][  0]LogConfig: Setting CVar [[r.RefractionQuality:2]]
[2020.09.14-10.38.21:421][  0]LogConfig: Setting CVar [[r.SSR.Quality:3]]
[2020.09.14-10.38.21:421][  0]LogConfig: Setting CVar [[r.SSR.HalfResSceneColor:0]]
[2020.09.14-10.38.21:421][  0]LogConfig: Setting CVar [[r.SceneColorFormat:4]]
[2020.09.14-10.38.21:421][  0]LogConfig: Setting CVar [[r.DetailMode:2]]
[2020.09.14-10.38.21:421][  0]LogConfig: Setting CVar [[r.TranslucencyVolumeBlur:1]]
[2020.09.14-10.38.21:421][  0]LogConfig: Setting CVar [[r.MaterialQualityLevel:1 ; High quality]]
[2020.09.14-10.38.21:421][  0]LogConfig: Setting CVar [[r.SSS.Scale:1]]
[2020.09.14-10.38.21:421][  0]LogConfig: Setting CVar [[r.SSS.SampleSet:2]]
[2020.09.14-10.38.21:421][  0]LogConfig: Setting CVar [[r.SSS.Quality:1]]
[2020.09.14-10.38.21:421][  0]LogConfig: Setting CVar [[r.SSS.HalfRes:1]]
[2020.09.14-10.38.21:421][  0]LogConfig: Setting CVar [[r.SSGI.Quality:3]]
[2020.09.14-10.38.21:421][  0]LogConfig: Setting CVar [[r.EmitterSpawnRateScale:1.0]]
[2020.09.14-10.38.21:421][  0]LogConfig: Setting CVar [[r.ParticleLightQuality:2]]
[2020.09.14-10.38.21:421][  0]LogConfig: Setting CVar [[r.SkyAtmosphere.AerialPerspectiveLUT.FastApplyOnOpaque:1 ; Always have FastSkyLUT 1 in this case to avoid wrong sky]]
[2020.09.14-10.38.21:421][  0]LogConfig: Setting CVar [[r.SkyAtmosphere.AerialPerspectiveLUT.SampleCountPerSlice:1]]
[2020.09.14-10.38.21:421][  0]LogConfig: Setting CVar [[r.SkyAtmosphere.AerialPerspectiveLUT.DepthResolution:16.0]]
[2020.09.14-10.38.21:421][  0]LogConfig: Setting CVar [[r.SkyAtmosphere.FastSkyLUT:1]]
[2020.09.14-10.38.21:421][  0]LogConfig: Setting CVar [[r.SkyAtmosphere.FastSkyLUT.SampleCountMin:4.0]]
[2020.09.14-10.38.21:421][  0]LogConfig: Setting CVar [[r.SkyAtmosphere.FastSkyLUT.SampleCountMax:32.0]]
[2020.09.14-10.38.21:421][  0]LogConfig: Setting CVar [[r.SkyAtmosphere.SampleCountMin:4.0]]
[2020.09.14-10.38.21:421][  0]LogConfig: Setting CVar [[r.SkyAtmosphere.SampleCountMax:32.0]]
[2020.09.14-10.38.21:421][  0]LogConfig: Setting CVar [[r.SkyAtmosphere.TransmittanceLUT.UseSmallFormat:0]]
[2020.09.14-10.38.21:421][  0]LogConfig: Setting CVar [[r.SkyAtmosphere.TransmittanceLUT.SampleCount:10.0]]
[2020.09.14-10.38.21:421][  0]LogConfig: Setting CVar [[r.SkyAtmosphere.MultiScatteringLUT.SampleCount:15.0]]
[2020.09.14-10.38.21:421][  0]LogConfig: Applying CVar settings from Section [FoliageQuality@3] File [F:/EL_Task/Saved/Config/Windows/Scalability.ini]
[2020.09.14-10.38.21:421][  0]LogConfig: Setting CVar [[foliage.DensityScale:1.0]]
[2020.09.14-10.38.21:421][  0]LogConfig: Setting CVar [[grass.DensityScale:1.0]]
[2020.09.14-10.38.21:421][  0]LogConfig: Applying CVar settings from Section [ShadingQuality@3] File [F:/EL_Task/Saved/Config/Windows/Scalability.ini]
[2020.09.14-10.38.21:421][  0]LogConfig: Setting CVar [[r.HairStrands.SkyLighting.SampleCount:16]]
[2020.09.14-10.38.21:421][  0]LogConfig: Setting CVar [[r.HairStrands.SkyLighting.JitterIntegration:0]]
[2020.09.14-10.38.21:421][  0]LogConfig: Setting CVar [[r.HairStrands.SkyAO.SampleCount:16]]
[2020.09.14-10.38.21:421][  0]LogConfig: Applying CVar settings from Section [Startup] File [../../../Engine/Config/ConsoleVariables.ini]
[2020.09.14-10.38.21:421][  0]LogConfig: Setting CVar [[net.UseAdaptiveNetUpdateFrequency:0]]
[2020.09.14-10.38.21:421][  0]LogConfig: Setting CVar [[p.chaos.AllowCreatePhysxBodies:1]]
[2020.09.14-10.38.21:421][  0]LogConfig: Applying CVar settings from Section [ConsoleVariables] File [F:/EL_Task/Saved/Config/Windows/Engine.ini]
[2020.09.14-10.38.21:422][  0]LogInit: Computer: KARL-ПК
[2020.09.14-10.38.21:422][  0]LogInit: User: KARL
[2020.09.14-10.38.21:422][  0]LogInit: CPU Page size=4096, Cores=6
[2020.09.14-10.38.21:422][  0]LogInit: High frequency timer resolution =2.851162 MHz
[2020.09.14-10.38.21:422][  0]LogMemory: Memory total: Physical=12.0GB (12GB approx)
[2020.09.14-10.38.21:422][  0]LogMemory: Platform Memory Stats for Windows
[2020.09.14-10.38.21:422][  0]LogMemory: Process Physical Memory: 105.21 MB used, 105.21 MB peak
[2020.09.14-10.38.21:422][  0]LogMemory: Process Virtual Memory: 103.86 MB used, 103.86 MB peak
[2020.09.14-10.38.21:422][  0]LogMemory: Physical Memory: 5202.74 MB used,  7082.48 MB free, 12285.22 MB total
[2020.09.14-10.38.21:422][  0]LogMemory: Virtual Memory: 1019.06 MB used,  8387589.00 MB free, 8388608.00 MB total
[2020.09.14-10.38.21:435][  0]LogWindows: WindowsPlatformFeatures enabled
[2020.09.14-10.38.21:453][  0]LogInit: Using OS detected language (ru-RU).
[2020.09.14-10.38.21:453][  0]LogInit: Using OS detected locale (ru-RU).
[2020.09.14-10.38.21:453][  0]LogTextLocalizationManager: No specific localization for 'ru-RU' exists, so the 'ru' localization will be used.
[2020.09.14-10.38.21:454][  0]LogTextLocalizationResource: LocRes '../../../Engine/Content/Localization/Editor/ru/Editor.locres' could not be opened for reading!
[2020.09.14-10.38.21:454][  0]LogTextLocalizationResource: LocRes '../../../Engine/Content/Localization/EditorTutorials/ru/EditorTutorials.locres' could not be opened for reading!
[2020.09.14-10.38.21:454][  0]LogTextLocalizationResource: LocRes '../../../Engine/Content/Localization/Keywords/ru/Keywords.locres' could not be opened for reading!
[2020.09.14-10.38.21:454][  0]LogTextLocalizationResource: LocRes '../../../Engine/Content/Localization/Category/ru/Category.locres' could not be opened for reading!
[2020.09.14-10.38.21:454][  0]LogTextLocalizationResource: LocRes '../../../Engine/Content/Localization/ToolTips/ru/ToolTips.locres' could not be opened for reading!
[2020.09.14-10.38.21:454][  0]LogTextLocalizationResource: LocRes '../../../Engine/Content/Localization/PropertyNames/ru/PropertyNames.locres' could not be opened for reading!
[2020.09.14-10.38.21:454][  0]LogTextLocalizationResource: LocRes '../../../Engine/Content/Localization/Engine/ru/Engine.locres' could not be opened for reading!
[2020.09.14-10.38.21:455][  0]LogWindows: Failed to load 'shcore.dll' (GetLastError=126)
[2020.09.14-10.38.21:456][  0]LogWindows: File 'shcore.dll' does not exist
[2020.09.14-10.38.21:456][  0]LogInit: Setting process to DPI aware
[2020.09.14-10.38.21:482][  0]LogSlate: New Slate User Created.  User Index 0, Is Virtual User: 0
[2020.09.14-10.38.21:482][  0]LogSlate: Slate User Registered.  User Index 0, Is Virtual User: 0
[2020.09.14-10.38.21:632][  0]LogHMD: Failed to initialize OpenVR with code 110
[2020.09.14-10.38.21:632][  0]LogD3D11RHI: D3D11 min allowed feature level: 11_0
[2020.09.14-10.38.21:632][  0]LogD3D11RHI: D3D11 max allowed feature level: 11_0
[2020.09.14-10.38.21:632][  0]LogD3D11RHI: D3D11 adapters:
[2020.09.14-10.38.21:679][  0]LogD3D11RHI:    0. 'NVIDIA GeForce GTS 450' (Feature Level 11_0)
[2020.09.14-10.38.21:679][  0]LogD3D11RHI:       969/0/3071 MB DedicatedVideo/DedicatedSystem/SharedSystem, Outputs:1, VendorId:0x10de
[2020.09.14-10.38.21:679][  0]LogD3D11RHI: Chosen D3D11 Adapter: 0
[2020.09.14-10.38.21:686][  0]LogD3D11RHI: Creating new Direct3DDevice
[2020.09.14-10.38.21:687][  0]LogD3D11RHI:     GPU DeviceId: 0xdc4 (for the marketing name, search the web for "GPU Device Id")
[2020.09.14-10.38.21:687][  0]LogWindows: EnumDisplayDevices:
[2020.09.14-10.38.21:687][  0]LogWindows:    0. 'NVIDIA GeForce GTS 450' (P:1 D:1)
[2020.09.14-10.38.21:687][  0]LogWindows:    1. 'NVIDIA GeForce GTS 450' (P:0 D:0)
[2020.09.14-10.38.21:687][  0]LogWindows:    2. 'RDPDD Chained DD' (P:0 D:0)
[2020.09.14-10.38.21:687][  0]LogWindows:    3. 'RDP Encoder Mirror Driver' (P:0 D:0)
[2020.09.14-10.38.21:687][  0]LogWindows:    4. 'RDP Reflector Display Driver' (P:0 D:0)
[2020.09.14-10.38.21:687][  0]LogWindows: DebugString: GetVideoDriverDetailsInvalid PrimaryIsNotTheChoosenAdapter GetVideoDriverDetailsInvalid PrimaryIsNotTheChoosenAdapter GetVideoDriverDetailsInvalid PrimaryIsNotTheChoosenAdapter FoundDriverCount:2 
[2020.09.14-10.38.21:687][  0]LogD3D11RHI:     Adapter Name: NVIDIA GeForce GTS 450
[2020.09.14-10.38.21:687][  0]LogD3D11RHI:   Driver Version: 391.35 (internal:23.21.13.9135, unified:391.35)
[2020.09.14-10.38.21:687][  0]LogD3D11RHI:      Driver Date: 3-23-2018
[2020.09.14-10.38.21:687][  0]LogRHI: Texture pool is 678 MB (70% of 969 MB)
[2020.09.14-10.38.21:703][  0]LogD3D11RHI: Display: Timestamp queries are currently disabled on this hardware due to instability. Realtime GPU stats will not be available. You can override this behaviour by setting r.NVIDIATimestampWorkaround to 0
[2020.09.14-10.38.21:703][  0]LogD3D11RHI: RHI does not have support for 64 bit atomics
[2020.09.14-10.38.21:703][  0]LogD3D11RHI: Async texture creation enabled
[2020.09.14-10.38.21:781][  0]LogD3D11RHI: GPU Timing Frequency: 1000.000000 (Debug: 2 2)
[2020.09.14-10.38.22:110][  0]LogTargetPlatformManager: Display: Loaded TargetPlatform 'AllDesktop'
[2020.09.14-10.38.22:163][  0]LogTargetPlatformManager: Display: Loaded TargetPlatform 'Android'
[2020.09.14-10.38.22:163][  0]LogTargetPlatformManager: Display: Loaded TargetPlatform 'Android_ASTC'
[2020.09.14-10.38.22:163][  0]LogTargetPlatformManager: Display: Loaded TargetPlatform 'Android_ATC'
[2020.09.14-10.38.22:163][  0]LogTargetPlatformManager: Display: Loaded TargetPlatform 'Android_DXT'
[2020.09.14-10.38.22:163][  0]LogTargetPlatformManager: Display: Loaded TargetPlatform 'Android_ETC1'
[2020.09.14-10.38.22:163][  0]LogTargetPlatformManager: Display: Loaded TargetPlatform 'Android_ETC1a'
[2020.09.14-10.38.22:163][  0]LogTargetPlatformManager: Display: Loaded TargetPlatform 'Android_ETC2'
[2020.09.14-10.38.22:163][  0]LogTargetPlatformManager: Display: Loaded TargetPlatform 'Android_PVRTC'
[2020.09.14-10.38.22:163][  0]LogTargetPlatformManager: Display: Loaded TargetPlatform 'AndroidClient'
[2020.09.14-10.38.22:163][  0]LogTargetPlatformManager: Display: Loaded TargetPlatform 'Android_ASTCClient'
[2020.09.14-10.38.22:163][  0]LogTargetPlatformManager: Display: Loaded TargetPlatform 'Android_ATCClient'
[2020.09.14-10.38.22:163][  0]LogTargetPlatformManager: Display: Loaded TargetPlatform 'Android_DXTClient'
[2020.09.14-10.38.22:163][  0]LogTargetPlatformManager: Display: Loaded TargetPlatform 'Android_ETC1Client'
[2020.09.14-10.38.22:163][  0]LogTargetPlatformManager: Display: Loaded TargetPlatform 'Android_ETC1aClient'
[2020.09.14-10.38.22:163][  0]LogTargetPlatformManager: Display: Loaded TargetPlatform 'Android_ETC2Client'
[2020.09.14-10.38.22:163][  0]LogTargetPlatformManager: Display: Loaded TargetPlatform 'Android_PVRTCClient'
[2020.09.14-10.38.22:163][  0]LogTargetPlatformManager: Display: Loaded TargetPlatform 'Android_Multi'
[2020.09.14-10.38.22:163][  0]LogTargetPlatformManager: Display: Loaded TargetPlatform 'Android_MultiClient'
[2020.09.14-10.38.22:192][  0]LogTargetPlatformManager: Display: Loaded TargetPlatform 'IOSClient'
[2020.09.14-10.38.22:192][  0]LogTargetPlatformManager: Display: Loaded TargetPlatform 'IOS'
[2020.09.14-10.38.22:203][  0]LogTargetPlatformManager: Display: Loaded TargetPlatform 'LinuxNoEditor'
[2020.09.14-10.38.22:215][  0]LogTargetPlatformManager: Display: Loaded TargetPlatform 'LinuxClient'
[2020.09.14-10.38.22:227][  0]LogTargetPlatformManager: Display: Loaded TargetPlatform 'LinuxServer'
[2020.09.14-10.38.22:238][  0]LogTargetPlatformManager: Display: Loaded TargetPlatform 'LinuxAArch64NoEditor'
[2020.09.14-10.38.22:250][  0]LogTargetPlatformManager: Display: Loaded TargetPlatform 'LinuxAArch64Client'
[2020.09.14-10.38.22:261][  0]LogTargetPlatformManager: Display: Loaded TargetPlatform 'LinuxAArch64Server'
[2020.09.14-10.38.22:298][  0]LogTargetPlatformManager: Display: Loaded TargetPlatform 'Lumin'
[2020.09.14-10.38.22:298][  0]LogTargetPlatformManager: Display: Loaded TargetPlatform 'LuminClient'
[2020.09.14-10.38.22:319][  0]LogTargetPlatformManager: Display: Loaded TargetPlatform 'TVOSClient'
[2020.09.14-10.38.22:319][  0]LogTargetPlatformManager: Display: Loaded TargetPlatform 'TVOS'
[2020.09.14-10.38.22:330][  0]LogTargetPlatformManager: Display: Loaded TargetPlatform 'WindowsNoEditor'
[2020.09.14-10.38.22:342][  0]LogTargetPlatformManager: Display: Loaded TargetPlatform 'Windows'
[2020.09.14-10.38.22:354][  0]LogTargetPlatformManager: Display: Loaded TargetPlatform 'WindowsClient'
[2020.09.14-10.38.22:365][  0]LogTargetPlatformManager: Display: Loaded TargetPlatform 'WindowsServer'
[2020.09.14-10.38.22:365][  0]LogTargetPlatformManager: Display: Building Assets For Windows
[2020.09.14-10.38.22:367][  0]LogAudioDebug: Display: Lib vorbis DLL was dynamically loaded.
[2020.09.14-10.38.22:388][  0]LogShaderCompilers: Guid format shader working directory is 26 characters bigger than the processId version (../../../../EL_Task/Intermediate/Shaders/WorkingDirectory/2296/).
[2020.09.14-10.38.22:388][  0]LogShaderCompilers: Cleaned the shader compiler working directory 'C:/Users/KARL/AppData/Local/Temp/UnrealShaderWorkingDir/7F11C9184103C45189FD69BBFC1440E2/'.
[2020.09.14-10.38.22:388][  0]LogXGEController: Cannot use XGE Controller as Incredibuild is not installed on this machine.
[2020.09.14-10.38.22:388][  0]LogShaderCompilers: Cannot use XGE Shader Compiler as Incredibuild is not installed on this machine.
[2020.09.14-10.38.22:388][  0]LogShaderCompilers: Display: Using Local Shader Compiler.
[2020.09.14-10.38.24:382][  0]LogDerivedDataCache: Display: Max Cache Size: 512 MB
[2020.09.14-10.38.24:530][  0]LogDerivedDataCache: Loaded boot cache 0.15s 78MB C:/Users/KARL/AppData/Local/UnrealEngine/4.24/DerivedDataCache/Boot.ddc.
[2020.09.14-10.38.24:531][  0]LogDerivedDataCache: Display: Loaded Boot cache: C:/Users/KARL/AppData/Local/UnrealEngine/4.24/DerivedDataCache/Boot.ddc
[2020.09.14-10.38.24:531][  0]LogDerivedDataCache: FDerivedDataBackendGraph:  Pak pak cache file ../../../../EL_Task/DerivedDataCache/DDC.ddp not found, will not use a pak cache.
[2020.09.14-10.38.24:531][  0]LogDerivedDataCache: Unable to find inner node Pak for hierarchical cache Hierarchy.
[2020.09.14-10.38.24:531][  0]LogDerivedDataCache: FDerivedDataBackendGraph:  CompressedPak pak cache file ../../../../EL_Task/DerivedDataCache/Compressed.ddp not found, will not use a pak cache.
[2020.09.14-10.38.24:531][  0]LogDerivedDataCache: Unable to find inner node CompressedPak for hierarchical cache Hierarchy.
[2020.09.14-10.38.24:545][  0]LogDerivedDataCache: Display: Pak cache opened for reading ../../../Engine/DerivedDataCache/Compressed.ddp.
[2020.09.14-10.38.24:545][  0]LogDerivedDataCache: FDerivedDataBackendGraph:  EnterprisePak pak cache file ../../../Enterprise/DerivedDataCache/Compressed.ddp not found, will not use a pak cache.
[2020.09.14-10.38.24:545][  0]LogDerivedDataCache: Unable to find inner node EnterprisePak for hierarchical cache Hierarchy.
[2020.09.14-10.38.24:546][  0]LogDerivedDataCache: Using Local data cache path C:/Users/KARL/AppData/Local/UnrealEngine/Common/DerivedDataCache: Writable
[2020.09.14-10.38.24:546][  0]LogDerivedDataCache: Shared data cache path not found in *engine.ini, will not use an Shared cache.
[2020.09.14-10.38.24:546][  0]LogDerivedDataCache: Unable to find inner node Shared for hierarchical cache Hierarchy.
[2020.09.14-10.38.24:597][  0]LogMaterial: Verifying Global Shaders for PCD3D_SM5
[2020.09.14-10.38.24:601][  0]LogSlate: Using FreeType 2.10.0
[2020.09.14-10.38.24:601][  0]LogSlate: SlateFontServices - WITH_FREETYPE: 1, WITH_HARFBUZZ: 1
[2020.09.14-10.38.24:675][  0]LogAssetRegistry: FAssetRegistry took 0.0035 seconds to start up
[2020.09.14-10.38.25:203][  0]LogInit: Selected Device Profile: [Windows]
[2020.09.14-10.38.25:450][  0]LogMeshReduction: Using QuadricMeshReduction for automatic static mesh reduction
[2020.09.14-10.38.25:450][  0]LogMeshReduction: Using SimplygonMeshReduction for automatic skeletal mesh reduction
[2020.09.14-10.38.25:450][  0]LogMeshReduction: Using ProxyLODMeshReduction for automatic mesh merging
[2020.09.14-10.38.25:450][  0]LogMeshReduction: No distributed automatic mesh merging module available
[2020.09.14-10.38.25:450][  0]LogMeshMerging: No distributed automatic mesh merging module available
[2020.09.14-10.38.25:466][  0]LogNetVersion: EL_Task 1.0.0, NetCL: 10570792, EngineNetVer: 13, GameNetVer: 0 (Checksum: 1808633210)
[2020.09.14-10.38.26:907][  0]LogPackageLocalizationCache: Processed 10 localized package path(s) for 1 prioritized culture(s) in 0.039027 seconds
[2020.09.14-10.38.26:925][  0]LogUObjectArray: 46750 objects as part of root set at end of initial load.
[2020.09.14-10.38.26:925][  0]LogUObjectAllocator: 8137160 out of 0 bytes used by permanent object pool.
[2020.09.14-10.38.26:925][  0]LogUObjectArray: CloseDisregardForGC: 0/0 objects in disregard for GC pool
[2020.09.14-10.38.27:548][  0]LogTcpMessaging: Initializing TcpMessaging bridge
[2020.09.14-10.38.27:553][  0]LogUdpMessaging: Initializing bridge on interface 0.0.0.0:0 to multicast group 230.0.0.1:6666.
[2020.09.14-10.38.27:632][  0]SourceControl: Source control is disabled
[2020.09.14-10.38.27:632][  0]SourceControl: Source control is disabled
[2020.09.14-10.38.27:634][  0]SourceControl: Source control is disabled
[2020.09.14-10.38.27:635][  0]SourceControl: Source control is disabled
[2020.09.14-10.38.27:636][  0]SourceControl: Source control is disabled
[2020.09.14-10.38.27:753][  0]LogAndroidPermission: UAndroidPermissionCallbackProxy::GetInstance
[2020.09.14-10.38.27:770][  0]LogAudioCaptureCore: Display: No Audio Capture implementations found. Audio input will be silent.
[2020.09.14-10.38.27:771][  0]LogAudioCaptureCore: Display: No Audio Capture implementations found. Audio input will be silent.
[2020.09.14-10.38.27:914][  0]LogOcInput: OculusInput pre-init called
[2020.09.14-10.38.27:924][  0]LogWindows: Failed to load 'OVRPlugin.dll' (GetLastError=126)
[2020.09.14-10.38.27:924][  0]LogWindows: File 'OVRPlugin.dll' does not exist
[2020.09.14-10.38.28:036][  0]LogEngine: Initializing Engine...
[2020.09.14-10.38.28:037][  0]LogHMD: Failed to initialize OpenVR with code 110
[2020.09.14-10.38.28:038][  0]LogStats: UGameplayTagsManager::InitializeManager -  0.000 s
[2020.09.14-10.38.28:619][  0]LogInit: Initializing FReadOnlyCVARCache
[2020.09.14-10.38.28:632][  0]LogAIModule: Creating AISystem for world Untitled
[2020.09.14-10.38.28:647][  0]LogAudioMixer: Display: Audio Mixer Platform Settings:
[2020.09.14-10.38.28:647][  0]LogAudioMixer: Display: 	Sample Rate:						  48000
[2020.09.14-10.38.28:647][  0]LogAudioMixer: Display: 	Callback Buffer Frame Size Requested: 1024
[2020.09.14-10.38.28:647][  0]LogAudioMixer: Display: 	Callback Buffer Frame Size To Use:	  1024
[2020.09.14-10.38.28:647][  0]LogAudioMixer: Display: 	Number of buffers to queue:			  2
[2020.09.14-10.38.28:647][  0]LogAudioMixer: Display: 	Max Channels (voices):				  32
[2020.09.14-10.38.28:647][  0]LogAudioMixer: Display: 	Number of Async Source Workers:		  0
[2020.09.14-10.38.28:647][  0]LogAudio: Display: AudioDevice MaxSources: 32
[2020.09.14-10.38.28:647][  0]LogAudio: Display: Using built-in audio occlusion.
[2020.09.14-10.38.28:647][  0]LogAudioMixer: Display: Initializing audio mixer.
[2020.09.14-10.38.28:657][  0]LogAudioMixer: Display: Audio Device Output Speaker Info:
[2020.09.14-10.38.28:658][  0]LogAudioMixer: Display: Name: Динамики (Realtek High Definition Audio)
[2020.09.14-10.38.28:658][  0]LogAudioMixer: Display: Is Default: Yes
[2020.09.14-10.38.28:658][  0]LogAudioMixer: Display: Sample Rate: 48000
[2020.09.14-10.38.28:658][  0]LogAudioMixer: Display: Channel Count Used: 4
[2020.09.14-10.38.28:658][  0]LogAudioMixer: Display: Device Channel Count: 4
[2020.09.14-10.38.28:658][  0]LogAudioMixer: Display: Channel Order:
[2020.09.14-10.38.28:658][  0]LogAudioMixer: Display: 0: FrontLeft
[2020.09.14-10.38.28:658][  0]LogAudioMixer: Display: 1: FrontRight
[2020.09.14-10.38.28:658][  0]LogAudioMixer: Display: 2: BackLeft
[2020.09.14-10.38.28:658][  0]LogAudioMixer: Display: 3: BackRight
[2020.09.14-10.38.28:667][  0]LogAudioMixer: Display: Using Audio Device Динамики (Realtek High Definition Audio)
[2020.09.14-10.38.28:680][  0]LogInit: FAudioDevice initialized.
[2020.09.14-10.38.28:681][  0]LogNetVersion: Set ProjectVersion to 1.0.0.0. Version Checksum will be recalculated on next use.
[2020.09.14-10.38.28:860][  0]LogDerivedDataCache: Saved boot cache 0.18s 78MB C:/Users/KARL/AppData/Local/UnrealEngine/4.24/DerivedDataCache/Boot.ddc.
[2020.09.14-10.38.28:861][  0]LogInit: Texture streaming: Enabled
[2020.09.14-10.38.28:888][  0]LogEngineSessionManager: EngineSessionManager initialized
[2020.09.14-10.38.28:888][  0]LogEditorSessionSummary: Verbose: Initializing EditorSessionSummaryWriter for editor session tracking
[2020.09.14-10.38.28:892][  0]LogEditorSessionSummary: EditorSessionSummaryWriter initialized
[2020.09.14-10.38.28:956][  0]LogInit: Transaction tracking system initialized
[2020.09.14-10.38.28:969][  0]BlueprintLog: New page: Editor Load
[2020.09.14-10.38.29:009][  0]LocalizationService: Localization service is disabled
[2020.09.14-10.38.29:479][  0]LogFileCache: Scanning file cache for directory 'F:/EL_Task/Content/' took 0.00s
[2020.09.14-10.38.29:479][  0]LogCook: Display: Max memory allowance for cook 16384mb min free memory 0mb
[2020.09.14-10.38.29:479][  0]LogCook: Display: Mobile HDR setting 1
[2020.09.14-10.38.30:283][  0]SourceControl: Source control is disabled
[2020.09.14-10.38.30:283][  0]Cmd: MAP LOAD FILE="../../../../EL_Task/Content/ThirdPersonBP/Maps/ThirdPersonExampleMap.umap" TEMPLATE=0 SHOWPROGRESS=1 FEATURELEVEL=3
[2020.09.14-10.38.30:284][  0]LightingResults: New page: Lighting Build
[2020.09.14-10.38.30:284][  0]LogWorld: UWorld::CleanupWorld for Untitled, bSessionEnded=true, bCleanupResources=true
[2020.09.14-10.38.30:284][  0]LogSlate: InvalidateAllWidgets triggered.  All widgets were invalidated
[2020.09.14-10.38.30:284][  0]MapCheck: New page: Map Check
[2020.09.14-10.38.30:285][  0]LightingResults: New page: Lighting Build
[2020.09.14-10.38.30:343][  0]LogUObjectHash: Compacting FUObjectHashTables data took   4.71ms
[2020.09.14-10.38.30:524][  0]LogAIModule: Creating AISystem for world ThirdPersonExampleMap
[2020.09.14-10.38.30:532][  0]LogEditorServer: Finished looking for orphan Actors (0.000 secs)
[2020.09.14-10.38.30:605][  0]LogUObjectHash: Compacting FUObjectHashTables data took   6.07ms
[2020.09.14-10.38.30:606][  0]Cmd: MAP CHECKDEP NOCLEARLOG
[2020.09.14-10.38.30:606][  0]MapCheck: Map check complete: 0 Error(s), 0 Warning(s), took 0,132ms to complete.
[2020.09.14-10.38.30:606][  0]LogFileHelpers: Loading map 'ThirdPersonExampleMap' took 0.323
[2020.09.14-10.38.30:866][  0]LogSlate: Updating window title bar state: overlay mode, drag disabled, window buttons hidden, title bar hidden
[2020.09.14-10.38.30:878][  0]LogSlate: Updating window title bar state: overlay mode, drag disabled, window buttons hidden, title bar hidden
[2020.09.14-10.38.30:890][  0]LogSlate: Updating window title bar state: overlay mode, drag disabled, window buttons hidden, title bar hidden
[2020.09.14-10.38.30:901][  0]LogSlate: Updating window title bar state: overlay mode, drag disabled, window buttons hidden, title bar hidden
[2020.09.14-10.38.30:906][  0]LogCollectionManager: Loaded 0 collections in 0.001802 seconds
[2020.09.14-10.38.30:927][  0]LogFileCache: Scanning file cache for directory 'F:/EL_Task/Saved/Collections/' took 0.00s
[2020.09.14-10.38.30:927][  0]LogFileCache: Scanning file cache for directory 'F:/EL_Task/Content/Developers/KARL/Collections/' took 0.00s
[2020.09.14-10.38.30:927][  0]LogFileCache: Scanning file cache for directory 'F:/EL_Task/Content/Collections/' took 0.00s
[2020.09.14-10.38.30:927][  0]LogContentBrowser: Native class hierarchy populated in 0.0147 seconds. Added 3017 classes and 720 folders.
[2020.09.14-10.38.30:931][  0]LogContentBrowser: Native class hierarchy updated for 'WidgetCarousel' in 0.0005 seconds. Added 0 classes and 0 folders.
[2020.09.14-10.38.30:977][  0]LogContentBrowser: Native class hierarchy updated for 'AddContentDialog' in 0.0003 seconds. Added 0 classes and 0 folders.
[2020.09.14-10.38.31:015][  0]LogSlate: Took 0.000399 seconds to synchronously load lazily loaded font '../../../Engine/Content/Slate/Fonts/Roboto-Regular.ttf' (155K)
[2020.09.14-10.38.31:034][  0]LogSlate: Took 0.000372 seconds to synchronously load lazily loaded font '../../../Engine/Content/Slate/Fonts/Roboto-Bold.ttf' (160K)
[2020.09.14-10.38.31:041][  0]LogSlate: Took 0.000149 seconds to synchronously load lazily loaded font '../../../Engine/Content/Editor/Slate/Fonts/FontAwesome.ttf' (139K)
[2020.09.14-10.38.31:170][  0]LogRenderer: Reallocating scene render targets to support 1056x924 Format 10 NumSamples 1 (Frame:1).
[2020.09.14-10.38.31:384][  0]LogContentBrowser: Native class hierarchy updated for 'HierarchicalLODOutliner' in 0.0004 seconds. Added 0 classes and 0 folders.
[2020.09.14-10.38.31:384][  0]LogLoad: (Engine Initialization) Total time: 11.15 seconds
[2020.09.14-10.38.31:384][  0]LogLoad: (Engine Initialization) Total Blueprint compile time: 0.00 seconds
[2020.09.14-10.38.31:440][  0]LogAssetRegistry: Asset discovery search completed in 6.7660 seconds
[2020.09.14-10.38.31:446][  0]LogCollectionManager: Fixed up redirectors for 0 collections in 0.000010 seconds (updated 0 objects)
[2020.09.14-10.38.31:447][  0]LogContentStreaming: Texture pool size now 1000 MB
[2020.09.14-10.38.31:514][  1]LogRenderer: Reallocating scene render targets to support 1056x940 Format 10 NumSamples 1 (Frame:3).
[2020.09.14-10.41.31:215][478]LogEditorViewport: Clicking on Actor (LMB): repActor_C (repActor)
[2020.09.14-10.41.32:218][519]Cmd: DELETE
[2020.09.14-10.41.32:218][519]Cmd: ACTOR DELETE
[2020.09.14-10.41.32:236][519]LogEditorActor: Deleted Actor: repActor_C
[2020.09.14-10.41.32:294][519]LogUObjectHash: Compacting FUObjectHashTables data took   2.91ms
[2020.09.14-10.41.32:296][519]LogEditorActor: Deleted 1 Actors (0.077 secs)
[2020.09.14-10.41.35:002][685]LogUObjectHash: Compacting FUObjectHashTables data took   3.41ms
[2020.09.14-10.41.35:295][685]LogSlate: Took 0.000178 seconds to synchronously load lazily loaded font '../../../Engine/Content/Slate/Fonts/Roboto-Light.ttf' (167K)
[2020.09.14-10.41.39:303][685]LogSlate: Window 'Delete Assets' being destroyed
[2020.09.14-10.41.40:071][724]LogSlate: Took 0.000292 seconds to synchronously load lazily loaded font '../../../Engine/Content/Slate/Fonts/Roboto-Light.ttf' (167K)
[2020.09.14-10.41.40:103][724]Cmd: OBJ SAVEPACKAGE PACKAGE="/Game/ThirdPersonBP/Maps/ThirdPersonExampleMap" FILE="../../../../EL_Task/Content/ThirdPersonBP/Maps/ThirdPersonExampleMap.umap" SILENT=true AUTOSAVING=false KEEPDIRTY=false
[2020.09.14-10.41.40:173][724]LogUObjectHash: Compacting FUObjectHashTables data took   3.25ms
[2020.09.14-10.41.40:378][724]LogSavePackage: Moving '../../../../EL_Task/Saved/ThirdPersonExampleMap9A99B02949161F73CC5EE389933739A9.tmp' to '../../../../EL_Task/Content/ThirdPersonBP/Maps/ThirdPersonExampleMap.umap'
[2020.09.14-10.41.40:414][724]Cmd: OBJ SAVEPACKAGE PACKAGE="/Game/ThirdPersonBP/Maps/ThirdPersonExampleMap_BuiltData" FILE="../../../../EL_Task/Content/ThirdPersonBP/Maps/ThirdPersonExampleMap_BuiltData.uasset" SILENT=true
[2020.09.14-10.41.40:595][724]LogSavePackage: Moving '../../../../EL_Task/Saved/ThirdPersonExampleMap_BuiltData8A8025E942B3066FF61043AE154C8A88.tmp' to '../../../../EL_Task/Content/ThirdPersonBP/Maps/ThirdPersonExampleMap_BuiltData.uasset'
[2020.09.14-10.41.40:620][724]AssetCheck: New page: Asset Save: multiple assets
[2020.09.14-10.41.40:620][724]LogContentValidation: Display: Validating World /Game/ThirdPersonBP/Maps/ThirdPersonExampleMap.ThirdPersonExampleMap
[2020.09.14-10.41.40:620][724]LogContentValidation: Display: Validating MapBuildDataRegistry /Game/ThirdPersonBP/Maps/ThirdPersonExampleMap_BuiltData.ThirdPersonExampleMap_BuiltData
[2020.09.14-10.41.42:447][869]LogUObjectHash: Compacting FUObjectHashTables data took   4.15ms
[2020.09.14-10.41.44:501][869]LogSlate: Window 'Delete Assets' being destroyed
[2020.09.14-10.41.44:999][869]LogUObjectGlobals: Force Deleting 1 Package(s):
	Asset Name: /Game/ThirdPersonBP/Blueprints/repActor.repActor
[2020.09.14-10.41.46:116][869]LogUObjectHash: Compacting FUObjectHashTables data took   4.40ms
[2020.09.14-10.41.46:376][869]LogUObjectHash: Compacting FUObjectHashTables data took   3.48ms
[2020.09.14-10.41.46:435][869]LogUObjectHash: Compacting FUObjectHashTables data took   3.71ms
[2020.09.14-10.41.46:491][869]LogUObjectHash: Compacting FUObjectHashTables data took   1.21ms
[2020.09.14-10.41.48:170][945]Cmd: OBJ SAVEPACKAGE PACKAGE="/Game/ThirdPersonBP/Maps/ThirdPersonExampleMap" FILE="../../../../EL_Task/Content/ThirdPersonBP/Maps/ThirdPersonExampleMap.umap" SILENT=true AUTOSAVING=false KEEPDIRTY=false
[2020.09.14-10.41.48:242][945]LogUObjectHash: Compacting FUObjectHashTables data took   3.08ms
[2020.09.14-10.41.48:452][945]LogSavePackage: Moving '../../../../EL_Task/Saved/ThirdPersonExampleMapEAD1B93B4A8BD9C329C8959F5CA64B91.tmp' to '../../../../EL_Task/Content/ThirdPersonBP/Maps/ThirdPersonExampleMap.umap'
[2020.09.14-10.41.48:489][945]Cmd: OBJ SAVEPACKAGE PACKAGE="/Game/ThirdPersonBP/Maps/ThirdPersonExampleMap_BuiltData" FILE="../../../../EL_Task/Content/ThirdPersonBP/Maps/ThirdPersonExampleMap_BuiltData.uasset" SILENT=true
[2020.09.14-10.41.48:608][945]LogSavePackage: Moving '../../../../EL_Task/Saved/ThirdPersonExampleMap_BuiltDataCB3A624746359A08A14179958099215D.tmp' to '../../../../EL_Task/Content/ThirdPersonBP/Maps/ThirdPersonExampleMap_BuiltData.uasset'
[2020.09.14-10.41.48:629][945]AssetCheck: New page: Asset Save: multiple assets
[2020.09.14-10.41.48:629][945]LogContentValidation: Display: Validating World /Game/ThirdPersonBP/Maps/ThirdPersonExampleMap.ThirdPersonExampleMap
[2020.09.14-10.41.48:629][945]LogContentValidation: Display: Validating MapBuildDataRegistry /Game/ThirdPersonBP/Maps/ThirdPersonExampleMap_BuiltData.ThirdPersonExampleMap_BuiltData
[2020.09.14-10.42.04:884][815]Cmd: OBJ SAVEPACKAGE PACKAGE="/Game/Mannequin/Animations/NewAnimMontage" FILE="../../../../EL_Task/Content/Mannequin/Animations/NewAnimMontage.uasset" SILENT=true
[2020.09.14-10.42.04:898][815]LogSavePackage: Moving '../../../../EL_Task/Saved/NewAnimMontage7A26945143C3191952DE82A12793138F.tmp' to '../../../../EL_Task/Content/Mannequin/Animations/NewAnimMontage.uasset'
[2020.09.14-10.42.05:126][815]LogUObjectHash: Compacting FUObjectHashTables data took   4.78ms
[2020.09.14-10.42.05:194][815]LogUObjectHash: Compacting FUObjectHashTables data took   3.57ms
[2020.09.14-10.42.05:251][815]LogUObjectHash: Compacting FUObjectHashTables data took   1.31ms
[2020.09.14-10.42.05:366][815]Cmd: OBJ SAVEPACKAGE PACKAGE="/Game/Mannequin/Animations/ThirdPerson_AnimBP" FILE="../../../../EL_Task/Content/Mannequin/Animations/ThirdPerson_AnimBP.uasset" SILENT=true
[2020.09.14-10.42.05:421][815]LogSavePackage: Moving '../../../../EL_Task/Saved/ThirdPerson_AnimBPB60225DC44308D3B6C11559549C43F47.tmp' to '../../../../EL_Task/Content/Mannequin/Animations/ThirdPerson_AnimBP.uasset'
[2020.09.14-10.42.05:507][815]Cmd: OBJ SAVEPACKAGE PACKAGE="/Game/ThirdPersonBP/Blueprints/ThirdPersonCharacter" FILE="../../../../EL_Task/Content/ThirdPersonBP/Blueprints/ThirdPersonCharacter.uasset" SILENT=true
[2020.09.14-10.42.05:593][815]LogSavePackage: Moving '../../../../EL_Task/Saved/ThirdPersonCharacter1DF5294C463C88E611CD24B4319F790C.tmp' to '../../../../EL_Task/Content/ThirdPersonBP/Blueprints/ThirdPersonCharacter.uasset'
[2020.09.14-10.42.05:660][815]AssetCheck: New page: Asset Save: multiple assets
[2020.09.14-10.42.05:660][815]LogContentValidation: Display: Validating AnimMontage /Game/Mannequin/Animations/NewAnimMontage.NewAnimMontage
[2020.09.14-10.42.05:660][815]LogContentValidation: Display: Validating AnimBlueprint /Game/Mannequin/Animations/ThirdPerson_AnimBP.ThirdPerson_AnimBP
[2020.09.14-10.42.05:660][815]LogContentValidation: Display: Validating Blueprint /Game/ThirdPersonBP/Blueprints/ThirdPersonCharacter.ThirdPersonCharacter
[2020.09.14-10.42.07:271][881]Cmd: OBJ SAVEPACKAGE PACKAGE="/Game/ThirdPersonBP/Maps/ThirdPersonExampleMap" FILE="../../../../EL_Task/Content/ThirdPersonBP/Maps/ThirdPersonExampleMap.umap" SILENT=true AUTOSAVING=false KEEPDIRTY=false
[2020.09.14-10.42.07:343][881]LogUObjectHash: Compacting FUObjectHashTables data took   3.26ms
[2020.09.14-10.42.07:587][881]LogSavePackage: Moving '../../../../EL_Task/Saved/ThirdPersonExampleMap871D185E426958D72261A7A4E4C5B1AE.tmp' to '../../../../EL_Task/Content/ThirdPersonBP/Maps/ThirdPersonExampleMap.umap'
[2020.09.14-10.42.07:622][881]Cmd: OBJ SAVEPACKAGE PACKAGE="/Game/ThirdPersonBP/Maps/ThirdPersonExampleMap_BuiltData" FILE="../../../../EL_Task/Content/ThirdPersonBP/Maps/ThirdPersonExampleMap_BuiltData.uasset" SILENT=true
[2020.09.14-10.42.07:738][881]LogSavePackage: Moving '../../../../EL_Task/Saved/ThirdPersonExampleMap_BuiltData968FB2644B9EDB9205CD398C54A6CEC7.tmp' to '../../../../EL_Task/Content/ThirdPersonBP/Maps/ThirdPersonExampleMap_BuiltData.uasset'
[2020.09.14-10.42.07:761][881]AssetCheck: New page: Asset Save: multiple assets
[2020.09.14-10.42.07:761][881]LogContentValidation: Display: Validating World /Game/ThirdPersonBP/Maps/ThirdPersonExampleMap.ThirdPersonExampleMap
[2020.09.14-10.42.07:761][881]LogContentValidation: Display: Validating MapBuildDataRegistry /Game/ThirdPersonBP/Maps/ThirdPersonExampleMap_BuiltData.ThirdPersonExampleMap_BuiltData
